<?xml version="1.0" encoding="UTF-8"?>
<!-- Generated by org.testng.reporters.JUnitReportReporter -->
<testsuite hostname="RonaldTolentino" failures="0" tests="27" name="runners.Runner" time="3024.866" errors="0" timestamp="2025-06-15T23:00:01 PST" skipped="0">
  <testcase classname="runners.Runner" name="runScenario" time="29.910"/>
  <system-out/>
  <testcase classname="runners.Runner" name="runScenario" time="228.216"/>
  <system-out/>
  <testcase classname="runners.Runner" name="runScenario" time="30.690"/>
  <system-out/>
  <testcase classname="runners.Runner" name="runScenario" time="42.988"/>
  <system-out/>
  <testcase classname="runners.Runner" name="runScenario" time="121.041"/>
  <system-out/>
  <testcase classname="runners.Runner" name="runScenario" time="44.895"/>
  <system-out/>
  <testcase classname="runners.Runner" name="runScenario" time="136.898"/>
  <system-out/>
  <testcase classname="runners.Runner" name="runScenario" time="236.153"/>
  <system-out/>
  <testcase classname="runners.Runner" name="runScenario" time="169.956"/>
  <system-out/>
  <testcase classname="runners.Runner" name="runScenario" time="29.440"/>
  <system-out/>
  <testcase classname="runners.Runner" name="runScenario" time="161.548"/>
  <system-out/>
  <testcase classname="runners.Runner" name="runScenario" time="29.926"/>
  <system-out/>
  <testcase classname="runners.Runner" name="runScenario" time="37.443"/>
  <system-out/>
  <testcase classname="runners.Runner" name="runScenario" time="196.727"/>
  <system-out/>
  <testcase classname="runners.Runner" name="runScenario" time="191.143"/>
  <system-out/>
  <testcase classname="runners.Runner" name="runScenario" time="132.846"/>
  <system-out/>
  <testcase classname="runners.Runner" name="runScenario" time="95.605"/>
  <system-out/>
  <testcase classname="runners.Runner" name="runScenario" time="29.796"/>
  <system-out/>
  <testcase classname="runners.Runner" name="runScenario" time="127.034"/>
  <system-out/>
  <testcase classname="runners.Runner" name="runScenario" time="126.365"/>
  <system-out/>
  <testcase classname="runners.Runner" name="runScenario" time="31.082"/>
  <system-out/>
  <testcase classname="runners.Runner" name="runScenario" time="156.440"/>
  <system-out/>
  <testcase classname="runners.Runner" name="runScenario" time="30.049"/>
  <system-out/>
  <testcase classname="runners.Runner" name="runScenario" time="196.198"/>
  <system-out/>
  <testcase classname="runners.Runner" name="runScenario" time="40.898"/>
  <system-out/>
  <testcase classname="runners.Runner" name="runScenario" time="212.198"/>
  <system-out/>
  <testcase classname="runners.Runner" name="runScenario" time="159.381"/>
  <system-out/>
</testsuite> <!-- runners.Runner -->
