<?xml version="1.0" encoding="UTF-8"?>
<!-- Generated by org.testng.reporters.JUnitReportReporter -->
<testsuite hostname="RonaldTolentino" failures="0" tests="27" name="runners.Runner" time="1231.484" errors="0" timestamp="2025-06-16T10:54:53 PST" skipped="0">
  <testcase classname="runners.Runner" name="runScenario" time="31.206"/>
  <system-out/>
  <testcase classname="runners.Runner" name="runScenario" time="57.802"/>
  <system-out/>
  <testcase classname="runners.Runner" name="runScenario" time="49.798"/>
  <system-out/>
  <testcase classname="runners.Runner" name="runScenario" time="31.681"/>
  <system-out/>
  <testcase classname="runners.Runner" name="runScenario" time="45.276"/>
  <system-out/>
  <testcase classname="runners.Runner" name="runScenario" time="54.889"/>
  <system-out/>
  <testcase classname="runners.Runner" name="runScenario" time="31.676"/>
  <system-out/>
  <testcase classname="runners.Runner" name="runScenario" time="46.754"/>
  <system-out/>
  <testcase classname="runners.Runner" name="runScenario" time="32.024"/>
  <system-out/>
  <testcase classname="runners.Runner" name="runScenario" time="19.727"/>
  <system-out/>
  <testcase classname="runners.Runner" name="runScenario" time="51.562"/>
  <system-out/>
  <testcase classname="runners.Runner" name="runScenario" time="68.211"/>
  <system-out/>
  <testcase classname="runners.Runner" name="runScenario" time="31.317"/>
  <system-out/>
  <testcase classname="runners.Runner" name="runScenario" time="44.813"/>
  <system-out/>
  <testcase classname="runners.Runner" name="runScenario" time="43.649"/>
  <system-out/>
  <testcase classname="runners.Runner" name="runScenario" time="50.182"/>
  <system-out/>
  <testcase classname="runners.Runner" name="runScenario" time="31.677"/>
  <system-out/>
  <testcase classname="runners.Runner" name="runScenario" time="45.614"/>
  <system-out/>
  <testcase classname="runners.Runner" name="runScenario" time="42.767"/>
  <system-out/>
  <testcase classname="runners.Runner" name="runScenario" time="54.573"/>
  <system-out/>
  <testcase classname="runners.Runner" name="runScenario" time="40.825"/>
  <system-out/>
  <testcase classname="runners.Runner" name="runScenario" time="60.290"/>
  <system-out/>
  <testcase classname="runners.Runner" name="runScenario" time="45.585"/>
  <system-out/>
  <testcase classname="runners.Runner" name="runScenario" time="50.893"/>
  <system-out/>
  <testcase classname="runners.Runner" name="runScenario" time="38.548"/>
  <system-out/>
  <testcase classname="runners.Runner" name="runScenario" time="81.831"/>
  <system-out/>
  <testcase classname="runners.Runner" name="runScenario" time="48.314"/>
  <system-out/>
</testsuite> <!-- runners.Runner -->
