<?xml version="1.0" encoding="UTF-8"?>
<!-- Generated by org.testng.reporters.JUnitReportReporter -->
<testsuite hostname="RonaldTolentino" failures="0" tests="32" name="runners.Runner" time="730.898" errors="0" timestamp="2025-06-29T18:47:31 PST" skipped="0">
  <testcase classname="runners.Runner" name="runScenario" time="22.526"/>
  <system-out/>
  <testcase classname="runners.Runner" name="runScenario" time="21.930"/>
  <system-out/>
  <testcase classname="runners.Runner" name="runScenario" time="20.527"/>
  <system-out/>
  <testcase classname="runners.Runner" name="runScenario" time="28.270"/>
  <system-out/>
  <testcase classname="runners.Runner" name="runScenario" time="12.828"/>
  <system-out/>
  <testcase classname="runners.Runner" name="runScenario" time="22.402"/>
  <system-out/>
  <testcase classname="runners.Runner" name="runScenario" time="22.546"/>
  <system-out/>
  <testcase classname="runners.Runner" name="runScenario" time="22.096"/>
  <system-out/>
  <testcase classname="runners.Runner" name="runScenario" time="10.785"/>
  <system-out/>
  <testcase classname="runners.Runner" name="runScenario" time="23.091"/>
  <system-out/>
  <testcase classname="runners.Runner" name="runScenario" time="33.454"/>
  <system-out/>
  <testcase classname="runners.Runner" name="runScenario" time="32.966"/>
  <system-out/>
  <testcase classname="runners.Runner" name="runScenario" time="33.315"/>
  <system-out/>
  <testcase classname="runners.Runner" name="runScenario" time="22.316"/>
  <system-out/>
  <testcase classname="runners.Runner" name="runScenario" time="22.372"/>
  <system-out/>
  <testcase classname="runners.Runner" name="runScenario" time="17.239"/>
  <system-out/>
  <testcase classname="runners.Runner" name="runScenario" time="33.948"/>
  <system-out/>
  <testcase classname="runners.Runner" name="runScenario" time="22.058"/>
  <system-out/>
  <testcase classname="runners.Runner" name="runScenario" time="23.747"/>
  <system-out/>
  <testcase classname="runners.Runner" name="runScenario" time="25.815"/>
  <system-out/>
  <testcase classname="runners.Runner" name="runScenario" time="24.006"/>
  <system-out/>
  <testcase classname="runners.Runner" name="runScenario" time="22.011"/>
  <system-out/>
  <testcase classname="runners.Runner" name="runScenario" time="25.575"/>
  <system-out/>
  <testcase classname="runners.Runner" name="runScenario" time="24.023"/>
  <system-out/>
  <testcase classname="runners.Runner" name="runScenario" time="16.400"/>
  <system-out/>
  <testcase classname="runners.Runner" name="runScenario" time="28.477"/>
  <system-out/>
  <testcase classname="runners.Runner" name="runScenario" time="25.255"/>
  <system-out/>
  <testcase classname="runners.Runner" name="runScenario" time="15.956"/>
  <system-out/>
  <testcase classname="runners.Runner" name="runScenario" time="18.258"/>
  <system-out/>
  <testcase classname="runners.Runner" name="runScenario" time="20.656"/>
  <system-out/>
  <testcase classname="runners.Runner" name="runScenario" time="14.110"/>
  <system-out/>
  <testcase classname="runners.Runner" name="runScenario" time="21.940"/>
  <system-out/>
</testsuite> <!-- runners.Runner -->
